current directory: /Users/yusukeimai/git/line_todo_list/vender/bundle/ruby/2.7.0/gems/sqlite3-1.4.2/ext/sqlite3
/Users/yusukeimai/.rbenv/versions/2.7.2/bin/ruby -I /Users/yusukeimai/.rbenv/versions/2.7.2/lib/ruby/2.7.0 -r ./siteconf20210430-28814-1uiwoh.rb extconf.rb
*** extconf.rb failed ***
Could not create Makefile due to some reason, probably lack of necessary
libraries and/or headers.  Check the mkmf.log file for more details.  You may
need configuration options.

Provided configuration options:
	--with-opt-dir
	--without-opt-dir
	--with-opt-include
	--without-opt-include=${opt-dir}/include
	--with-opt-lib
	--without-opt-lib=${opt-dir}/lib
	--with-make-prog
	--without-make-prog
	--srcdir=.
	--curdir
	--ruby=/Users/yusukeimai/.rbenv/versions/2.7.2/bin/$(RUBY_BASE_NAME)
	--with-sqlcipher
	--without-sqlcipher
	--with-sqlcipher
	--without-sqlcipher
	--with-sqlite3-config
	--without-sqlite3-config
	--with-pkg-config
	--without-pkg-config
/Users/yusukeimai/.rbenv/versions/2.7.2/lib/ruby/2.7.0/mkmf.rb:471:in `try_do': The compiler failed to generate an executable file. (RuntimeError)
You have to install development tools first.
	from /Users/yusukeimai/.rbenv/versions/2.7.2/lib/ruby/2.7.0/mkmf.rb:564:in `try_link0'
	from /Users/yusukeimai/.rbenv/versions/2.7.2/lib/ruby/2.7.0/mkmf.rb:582:in `try_link'
	from /Users/yusukeimai/.rbenv/versions/2.7.2/lib/ruby/2.7.0/mkmf.rb:684:in `try_ldflags'
	from /Users/yusukeimai/.rbenv/versions/2.7.2/lib/ruby/2.7.0/mkmf.rb:1851:in `pkg_config'
	from extconf.rb:35:in `<main>'

To see why this extension failed to compile, please check the mkmf.log which can be found here:

  /Users/yusukeimai/git/line_todo_list/vender/bundle/ruby/2.7.0/extensions/x86_64-darwin-20/2.7.0/sqlite3-1.4.2/mkmf.log

extconf failed, exit code 1
