current directory: /Users/yusukeimai/git/line_todo_list/vender/bundle/ruby/2.7.0/gems/nio4r-2.5.7/ext/nio4r
/Users/yusukeimai/.rbenv/versions/2.7.2/bin/ruby -I /Users/yusukeimai/.rbenv/versions/2.7.2/lib/ruby/2.7.0 -r ./siteconf20210430-28814-1efgx4z.rb extconf.rb
checking for unistd.h... *** extconf.rb failed ***
Could not create Makefile due to some reason, probably lack of necessary
libraries and/or headers.  Check the mkmf.log file for more details.  You may
need configuration options.

Provided configuration options:
	--with-opt-dir
	--without-opt-dir
	--with-opt-include
	--without-opt-include=${opt-dir}/include
	--with-opt-lib
	--without-opt-lib=${opt-dir}/lib
	--with-make-prog
	--without-make-prog
	--srcdir=.
	--curdir
	--ruby=/Users/yusukeimai/.rbenv/versions/2.7.2/bin/$(RUBY_BASE_NAME)
	--with-unistd-dir
	--without-unistd-dir
	--with-unistd-include
	--without-unistd-include=${unistd-dir}/include
	--with-unistd-lib
	--without-unistd-lib=${unistd-dir}/lib
/Users/yusukeimai/.rbenv/versions/2.7.2/lib/ruby/2.7.0/mkmf.rb:471:in `try_do': The compiler failed to generate an executable file. (RuntimeError)
You have to install development tools first.
	from /Users/yusukeimai/.rbenv/versions/2.7.2/lib/ruby/2.7.0/mkmf.rb:613:in `try_cpp'
	from /Users/yusukeimai/.rbenv/versions/2.7.2/lib/ruby/2.7.0/mkmf.rb:1124:in `block in have_header'
	from /Users/yusukeimai/.rbenv/versions/2.7.2/lib/ruby/2.7.0/mkmf.rb:971:in `block in checking_for'
	from /Users/yusukeimai/.rbenv/versions/2.7.2/lib/ruby/2.7.0/mkmf.rb:361:in `block (2 levels) in postpone'
	from /Users/yusukeimai/.rbenv/versions/2.7.2/lib/ruby/2.7.0/mkmf.rb:331:in `open'
	from /Users/yusukeimai/.rbenv/versions/2.7.2/lib/ruby/2.7.0/mkmf.rb:361:in `block in postpone'
	from /Users/yusukeimai/.rbenv/versions/2.7.2/lib/ruby/2.7.0/mkmf.rb:331:in `open'
	from /Users/yusukeimai/.rbenv/versions/2.7.2/lib/ruby/2.7.0/mkmf.rb:357:in `postpone'
	from /Users/yusukeimai/.rbenv/versions/2.7.2/lib/ruby/2.7.0/mkmf.rb:970:in `checking_for'
	from /Users/yusukeimai/.rbenv/versions/2.7.2/lib/ruby/2.7.0/mkmf.rb:1123:in `have_header'
	from extconf.rb:15:in `<main>'

To see why this extension failed to compile, please check the mkmf.log which can be found here:

  /Users/yusukeimai/git/line_todo_list/vender/bundle/ruby/2.7.0/extensions/x86_64-darwin-20/2.7.0/nio4r-2.5.7/mkmf.log

extconf failed, exit code 1
